1664260117763	geckodriver	INFO	Listening on 127.0.0.1:49459
1664260118135	mozrunner::runner	INFO	Running command: "/snap/firefox/current/firefox.launcher" "--marionette" "--remote-debugging-port" "59439" "--remote-allow-hosts" "localhost" "-no-remote" "-profile" "/tmp/rust_mozprofileLMtTlP"
Gtk-Message: 13:28:38.291: Failed to load module "canberra-gtk-module"
Gtk-Message: 13:28:38.296: Failed to load module "canberra-gtk-module"
ATTENTION: default value of option mesa_glthread overridden by environment.
ATTENTION: default value of option mesa_glthread overridden by environment.
amdgpu: os_same_file_description couldn't determine if two DRM fds reference the same file description.
If they do, bad things may happen!
ATTENTION: default value of option mesa_glthread overridden by environment.
ATTENTION: default value of option mesa_glthread overridden by environment.
1664260119415	Marionette	INFO	Marionette enabled
1664260119419	Marionette	INFO	Listening on port 46657
WebDriver BiDi listening on ws://localhost:59439
Read port: 46657
1664260119552	RemoteAgent	WARN	TLS certificate errors will be ignored for this session
console.warn: SearchSettings: "get: No settings file exists, new profile?" (new NotFoundError("Could not open the file at /tmp/rust_mozprofileLMtTlP/search.json.mozlz4", (void 0)))
Missing chrome or resource URL: resource://gre/modules/UpdateListener.sys.mjs
DevTools listening on ws://localhost:59439/devtools/browser/67d2101d-759a-4c09-9a3a-33e2244c8baf
Missing chrome or resource URL: resource://gre/modules/UpdateListener.sys.mjs
console.error: "Error during quit-application-granted: [Exception... \"File error: Not found\"  nsresult: \"0x80520012 (NS_ERROR_FILE_NOT_FOUND)\"  location: \"JS frame :: resource:///modules/BrowserGlue.jsm :: _onQuitApplicationGranted/tasks< :: line 2013\"  data: no]"
1664260168280	Marionette	INFO	Stopped listening on port 46657
console.warn: TopSitesFeed: Failed to fetch data from Contile server: NetworkError when attempting to fetch resource.
